
[1;33m[manifest] Checking fixture manifest completeness...[0m
[0;31m✗ Fixture manifest out of sync with disk[0m
  category: fixture
  command: python3 scripts/manager.py verify quick
  primary path: tests/fixtures/manifest.txt
  > selfhost/lsp_symbol_index/helper.ark

[1;33m[bg] Running background checks in parallel...[0m

[1;33m[bg] Collecting background check results...[0m
[0;32m✓ Documentation structure OK[0m
[0;32m✓ Language specification OK[0m
[0;32m✓ Stdlib specification OK[0m
[0;32m✓ Platform specification OK[0m
[0;32m✓ docs freshness (project-state.toml vs manifest.txt)[0m
[0;32m✓ All required ADRs decided[0m
[0;32m✓ stdlib manifest check[0m
[0;32m✓ issues/done/ has no unchecked checkboxes[0m
[0;32m✓ no panic/unwrap in user-facing crates[0m
[0;32m✓ repository structure (root scripts, scripts/ layout)[0m
[0;31m✗ doc example check (ark blocks in docs/)[0m
  category: verification-hygiene
  command: python3 scripts/check/check-doc-examples.py docs/
  primary path: scripts/manager.py
Traceback (most recent call last):
  File "/workspace/scripts/check/check-doc-examples.py", line 185, in <module>
    sys.exit(main())
             ^^^^^^
  File "/workspace/scripts/check/check-doc-examples.py", line 165, in main
    passed, error_output = check_block(arukellt, code, md, idx, args.target)
                           ^^^^^^^^^^^^^^^^^^^^^^^^^^^^^^^^^^^^^^^^^^^^^^^^^
  File "/workspace/scripts/check/check-doc-examples.py", line 103, in check_block
    result = subprocess.run(
             ^^^^^^^^^^^^^^^
  File "/usr/lib/python3.12/subprocess.py", line 548, in run
    with Popen(*popenargs, **kwargs) as process:
         ^^^^^^^^^^^^^^^^^^^^^^^^^^^
  File "/usr/lib/python3.12/subprocess.py", line 1026, in __init__
    self._execute_child(args, executable, preexec_fn, close_fds,
  File "/usr/lib/python3.12/subprocess.py", line 1955, in _execute_child
    raise child_exception_type(errno_num, err_msg, err_filename)
FileNotFoundError: [Errno 2] No such file or directory: 'arukellt'
[0;31m✗ docs consistency[0m
  category: verification-hygiene
  command: python3 scripts/check/check-docs-consistency.py
  primary path: scripts/manager.py
docs consistency check FAILED:
  ✗ generated docs are out of date; run `python3 scripts/gen/generate-docs.py`
[0;32m✓ selfhost analysis API gate (#568)[0m
[0;31m✗ selfhost LSP lifecycle gate (#569)[0m
  category: editor-tooling
  command: python3 scripts/check/check-lsp-lifecycle.py
  primary path: tests/fixtures/selfhost/

{"jsonrpc":"2.0","method":"textDocument/publishDiagnostics","params":{"uri":"file:///example.ark","diagnostics":[{"range":{"start":{"line":0,"character":2},"end":{"line":0,"character":2}},"severity":1,"source":"arukellt","code":"ark.parse","message":"expected token kind 1, got 0"},{"range":{"start":{"line":0,"character":2},"end":{"line":0,"character":2}},"severity":1,"source":"arukellt","code":"ark.parse","message":"expected token kind 70, got 0"},{"range":{"start":{"line":0,"character":2},"end":{"line":0,"character":2}},"severity":1,"source":"arukellt","code":"ark.parse","message":"expected token kind 71, got 0"},{"range":{"start":{"line":0,"character":2},"end":{"line":0,"character":2}},"severity":1,"source":"arukellt","code":"ark.parse","message":"expected token kind 72, got 0"},{"range":{"start":{"line":0,"character":2},"end":{"line":0,"character":2}},"severity":1,"source":"arukellt","code":"ark.parse","message":"expected token kind 73, got 0"}]}}Content-Length: 116

{"jsonrpc":"2.0","method":"textDocument/publishDiagnostics","params":{"uri":"file:///example.ark","diagnostics":[]}}Content-Length: 38

{"jsonrpc":"2.0","id":2,"result":null}
  got (1543 bytes):
Content-Length: 334

{"jsonrpc":"2.0","id":1,"result":{"capabilities":{"textDocumentSync":1,"hoverProvider":true,"definitionProvider":true,"completionProvider":{"resolveProvider":false,"triggerCharacters":[".",":"]},"diagnosticProvider":{"interFileDependencies":false,"workspaceDiagnostics":false}},"serverInfo":{"name":"arukellt-lsp","version":"0.1.0"}}}Content-Length: 964

{"jsonrpc":"2.0","method":"textDocument/publishDiagnostics","params":{"uri":"file:///example.ark","diagnostics":[{"range":{"start":{"line":0,"character":2},"end":{"line":0,"character":2}},"severity":1,"source":"arukellt","code":"ark.parse","message":"expected token kind 1, got 0"},{"range":{"start":{"line":0,"character":2},"end":{"line":0,"character":2}},"severity":1,"source":"arukellt","code":"ark.parse","message":"expected token kind 70, got 0"},{"range":{"start":{"line":0,"character":2},"end":{"line":0,"character":2}},"severity":1,"source":"arukellt","code":"ark.parse","message":"expected token kind 71, got 0"},{"range":{"start":{"line":0,"character":2},"end":{"line":0,"character":2}},"severity":1,"source":"arukellt","code":"ark.parse","message":"expected token kind 72, got 0"},{"range":{"start":{"line":0,"character":2},"end":{"line":0,"character":2}},"severity":1,"source":"arukellt","code":"ark.parse","message":"expected token kind 73, got 0"}]}}Content-Length: 116

{"jsonrpc":"2.0","method":"textDocument/publishDiagnostics","params":{"uri":"file:///example.ark","diagnostics":[]}}Content-Length: 38

{"jsonrpc":"2.0","id":2,"result":null}
FAIL tests/fixtures/selfhost/lsp_symbol_index.lsp-script: response stream mismatch
  expected (868 bytes):
Content-Length: 365

{"jsonrpc":"2.0","id":1,"result":{"capabilities":{"textDocumentSync":1,"hoverProvider":true,"definitionProvider":true,"completionProvider":{"resolveProvider":false,"triggerCharacters":[".",":"]},"workspaceSymbolProvider":true,"diagnosticProvider":{"interFileDependencies":false,"workspaceDiagnostics":false}},"serverInfo":{"name":"arukellt-lsp","version":"0.1.0"}}}Content-Length: 153

{"jsonrpc":"2.0","method":"textDocument/publishDiagnostics","params":{"uri":"file://tests/fixtures/selfhost/lsp_symbol_index/main.ark","diagnostics":[]}}Content-Length: 221

{"jsonrpc":"2.0","id":2,"result":[{"name":"helper_fn","kind":12,"location":{"uri":"file://tests/fixtures/selfhost/lsp_symbol_index/helper.ark","range":{"start":{"line":0,"character":7},"end":{"line":0,"character":16}}}}]}Content-Length: 38

{"jsonrpc":"2.0","id":3,"result":null}
  got (0 bytes):

lsp-lifecycle: 3 failure(s)
[0;32m✓ false-done hygiene gate[0m
[0;32m✓ generated file boundary check[0m
[0;31m✗ selfhost DAP lifecycle gate (#571)[0m
  category: editor-tooling
  command: python3 scripts/check/check-dap-lifecycle.py
  primary path: tests/fixtures/selfhost/
FAIL tests/fixtures/selfhost/dap_lifecycle.dap-script: debug-adapter stdio exit 2
b'error: no input file specified\n'
dap-lifecycle: 1 failure(s)
[0;32m✓ compiler boundary check (CoreHIR/MIR separation)[0m
[0;32m✓ orphan/stale file inventory (advisory, #418)[0m
[0;31m✗ false-done close-gate enforcement[0m
  category: verification-hygiene
  command: python3 scripts/check/check-false-done-close-gates.py
  primary path: scripts/manager.py
false-done-close-gates: FAIL
  #472 (playground typecheck distinguishes parse vs type errors): playground build failed: sh: 1: tsc: not found

  #500 (playground wasm typecheck export gate): playground build failed: sh: 1: tsc: not found

[0;32m✓ asset naming convention (snake_case)[0m
[0;32m✓ CoreHIR -> MIR boundary excludes frontend/typecheck nodes[0m
[0;32m✓ CoreHIR MIR view stores body DTOs, not raw builder tables[0m
[0;32m✓ CoreHIR parameter shape facade delegates helper details[0m
[0;32m✓ CoreHIR MIR signature source facade stays constructor-only[0m
[0;32m✓ MIR entry view facade delegates role-specific projections[0m
[0;32m✓ CoreHIR layout decl facade delegates role-specific projections[0m
[0;32m✓ driver module state facade delegates role-specific state APIs[0m
[0;32m✓ driver module source lookup stays separate from parsing/state registration[0m
[0;32m✓ driver module graph preserves absolute root and nested relative import bases[0m
[0;32m✓ parser expectation control delegates parse diagnostic construction[0m
[0;32m✓ generic parser AST factory excludes literal construction details[0m
[0;32m✓ parser type dispatch facade uses explicit parser APIs[0m
[0;32m✓ parser type recursion stays owned by dispatch[0m
[0;32m✓ parser declaration facades delegate header/body parsing details[0m
[0;32m✓ parser declaration dispatch uses explicit parser APIs[0m
[0;32m✓ parser function signatures use explicit parser APIs[0m
[0;32m✓ parser import declarations use explicit parser APIs[0m
[0;32m✓ parser statement facades expose explicit entrypoints[0m
[0;32m✓ parser Pratt facades expose expression loop contracts[0m
[0;32m✓ parser prefix facades expose expression prefix contracts[0m
[0;32m✓ CoreHIR frontend accessor facades use role-specific contracts[0m
[0;32m✓ MIR lowering parser/typechecker imports stay behind adapters[0m
[0;32m✓ MIR lowering AST adapter stays consolidated[0m
[0;32m✓ MIR annotation adapters stay grouped by role[0m
[0;32m✓ MIR return-index type helpers stay grouped by role[0m
[0;32m✓ MIR let finalization helpers stay grouped by role[0m
[0;32m✓ MIR integer literal helpers stay grouped by role[0m
[0;32m✓ MIR atomic value helpers stay grouped by role[0m
[0;32m✓ MIR call argument facade helpers stay grouped by role[0m
[0;32m✓ MIR CoreHIR call argument facade helpers stay grouped by role[0m
[0;32m✓ MIR call result type helpers stay grouped by role[0m
[0;32m✓ MIR call rewrite record helpers stay with their owners[0m
[0;32m✓ MIR struct-iterator loop helpers stay grouped by owner[0m
[0;32m✓ MIR Vec call rewrite helpers stay grouped by owner[0m
[0;32m✓ MIR HOF typed loop helpers stay grouped by owner[0m
[0;32m✓ MIR Option HOF phase helpers stay grouped by owner[0m
[0;32m✓ MIR HOF call-plan contract helpers stay grouped by owner[0m
[0;32m✓ MIR HOF call classifier helpers stay grouped by owner[0m
[0;32m✓ MIR HOF typed setup helpers stay grouped by owner[0m
[0;32m✓ MIR HOF typed frame wrappers stay folded into loop owners[0m
[0;32m✓ MIR shared HOF loop-step helpers stay grouped by owner[0m
[0;32m✓ MIR shared HOF result helpers stay grouped by owner[0m
[0;32m✓ MIR shared HOF loop scaffolding helpers stay grouped by owner[0m
[0;32m✓ MIR binary opcode mapping helpers stay grouped by owner[0m
[0;32m✓ MIR binary emission helpers stay grouped by owner[0m
[0;32m✓ MIR body dispatch helpers stay grouped by owner[0m
[0;32m✓ MIR body aggregate helpers stay grouped by owner[0m
[0;32m✓ MIR body control helpers stay grouped by owner[0m
[0;32m✓ MIR body unary helpers stay grouped by owner[0m
[0;32m✓ MIR body match helpers stay grouped by owner[0m
[0;32m✓ MIR body statement helpers stay grouped by owner[0m
[0;32m✓ MIR CoreHIR match dispatch helpers stay grouped by owner[0m
[0;32m✓ MIR CoreHIR control helpers stay grouped by owner[0m
[0;32m✓ MIR CoreHIR operator helpers stay grouped by owner[0m
[0;32m✓ MIR CoreHIR call facades stay grouped by owner[0m
[0;32m✓ MIR entry body-source helpers stay grouped by owner[0m
[0;32m✓ MIR entry CoreHIR body helpers stay grouped by owner[0m
[0;32m✓ MIR entry emission facades stay grouped by owner[0m
[0;32m✓ MIR entry parameter helpers stay grouped by owner[0m
[0;32m✓ MIR return type helpers stay grouped by owner[0m
[0;32m✓ MIR method call helpers stay grouped by owner[0m
[0;32m✓ MIR layout registry facades stay grouped by owner[0m
[0;32m✓ MIR function return-vt helpers stay grouped by owner[0m
[0;32m✓ MIR struct literal helpers stay grouped by owner[0m
[0;32m✓ MIR variant payload helpers stay grouped by owner[0m
[0;32m✓ MIR CoreHIR match payload info helpers stay grouped by owner[0m
[0;32m✓ MIR legacy match payload info helpers stay grouped by owner[0m
[0;32m✓ MIR legacy match payload bind helpers stay grouped by owner[0m
[0;32m✓ MIR comprehension type helpers stay grouped by owner[0m
[0;32m✓ MIR comprehension emission helpers stay grouped by owner[0m
[0;32m✓ MIR CoreHIR match payload type helpers stay grouped by owner[0m
[0;32m✓ MIR let type decision helpers stay grouped by owner[0m
[0;32m✓ CoreHIR MIR body lowering excludes frontend and legacy body nodes[0m
[0;32m✓ compiler root contains only entrypoint/facade files[0m
[0;32m✓ compiler subsystems are organized into namespace directories[0m
[0;32m✓ compiler subsystem public boundaries go through mod.ark facades[0m
[0;32m✓ MIR lowering consumes CoreHIR view through public facade[0m
[0;32m✓ component WIT generation stays behind declaration view[0m
[0;32m✓ component type predicates stay behind type-node view[0m
[0;32m✓ component contract files use function-decl helper views[0m
[0;32m✓ component AST access stays behind approved adapters[0m
[0;32m✓ component function predicates stay behind export function view[0m
[0;32m✓ component string predicates stay grouped by domain[0m
[0;32m✓ component record predicates stay grouped by domain[0m
[0;32m✓ component record declaration shapes stay grouped by domain[0m
[0;32m✓ component collection predicates stay grouped by domain[0m
[0;32m✓ component option/result contracts stay grouped by domain[0m
[0;32m✓ component one-function facades stay folded into owners[0m
[0;32m✓ component list adapters stay grouped by adapter[0m
[0;32m✓ component shared adapter section helpers stay behind approved owners[0m
[0;32m✓ component string adapters stay grouped by adapter[0m
[0;32m✓ component numeric adapters stay grouped by adapter[0m
[0;32m✓ component shape adapters stay grouped by adapter[0m
[0;32m✓ component result/string adapters stay grouped by adapter[0m
[0;32m✓ component option adapters stay grouped by adapter[0m
[0;32m✓ component pair-input adapters stay grouped by adapter[0m
[0;32m✓ component record adapters stay grouped by adapter[0m
[0;32m✓ component wrapper adapter plans stay grouped by wrapper[0m
[0;32m✓ component wrapper section facades stay grouped by wrapper[0m
[0;32m✓ component record-point emitter stays grouped by adapter[0m
[0;32m✓ component record operation emitter stays grouped by adapter[0m
[0;32m✓ compiler constant-like functions stay in dedicated table modules[0m
[0;32m✓ compiler constant tables are grouped at subsystem scale[0m
[0;32m✓ diagnostics code table stays consolidated[0m
[0;32m✓ diagnostics JSON helpers stay consolidated[0m
[0;32m✓ diagnostics severity helpers stay consolidated[0m
[0;32m✓ diagnostics phase helpers stay consolidated[0m
[0;32m✓ diagnostics span helpers stay consolidated[0m
[0;32m✓ diagnostics record helpers stay consolidated[0m
[0;32m✓ diagnostics source-map helpers stay consolidated[0m
[0;32m✓ compiler Ark files stay under configured line limits[0m
[0;32m✓ compiler Ark functions stay under 60 lines[0m
[0;32m✓ compiler Ark public API count stays bounded[0m
[0;32m✓ compiler dependency direction stays layered[0m
[0;32m✓ compiler import graph is acyclic[0m
[0;32m✓ compiler Ark direct import fan-out stays bounded[0m
[0;32m✓ compiler production graph excludes test-only modules[0m
[0;32m✓ MIR legacy body lowering stays behind adapter[0m
[0;32m✓ MIR entry fallback source stays behind body-source adapter[0m
[0;32m✓ MIR entry body value lowering keeps CoreHIR and fallback paths split[0m
[0;32m✓ MIR fallback source uses legacy decl adapter only[0m
[0;32m✓ driver legacy decl conversion stays in fallback adapter[0m
[0;32m✓ MIR lowering facade/callers use bundled input contract[0m
[0;32m✓ Perf policy documented (check<=10%, compile<=20%; heavy perf separated)[0m
[0;32m✓ all stdlib fixtures registered in manifest.txt[0m
[0;32m✓ v3 stdlib fixtures registered (372 entries in manifest)[0m
[0;32m✓ internal link integrity[0m
[0;32m✓ diagnostic codes aligned[0m

[1;33m========================================[0m
[1;33mSummary[0m
[1;33m========================================[0m
Total checks: 150
Passed: [0;32m144[0m
Skipped: [1;33m0[0m
Failed: [0;31m6[0m

[0;31m✗ Some harness checks failed (6 checks failed)[0m
